Traceback (most recent call last):
  File "/opt/hostedtoolcache/Python/3.7.9/x64/lib/python3.7/site-packages/jupyter_cache/executors/utils.py", line 56, in single_nb_execution
    record_timing=False,
  File "/opt/hostedtoolcache/Python/3.7.9/x64/lib/python3.7/site-packages/nbclient/client.py", line 1082, in execute
    return NotebookClient(nb=nb, resources=resources, km=km, **kwargs).execute()
  File "/opt/hostedtoolcache/Python/3.7.9/x64/lib/python3.7/site-packages/nbclient/util.py", line 74, in wrapped
    return just_run(coro(*args, **kwargs))
  File "/opt/hostedtoolcache/Python/3.7.9/x64/lib/python3.7/site-packages/nbclient/util.py", line 53, in just_run
    return loop.run_until_complete(coro)
  File "/opt/hostedtoolcache/Python/3.7.9/x64/lib/python3.7/asyncio/base_events.py", line 587, in run_until_complete
    return future.result()
  File "/opt/hostedtoolcache/Python/3.7.9/x64/lib/python3.7/site-packages/nbclient/client.py", line 536, in async_execute
    cell, index, execution_count=self.code_cells_executed + 1
  File "/opt/hostedtoolcache/Python/3.7.9/x64/lib/python3.7/site-packages/nbclient/client.py", line 827, in async_execute_cell
    self._check_raise_for_error(cell, exec_reply)
  File "/opt/hostedtoolcache/Python/3.7.9/x64/lib/python3.7/site-packages/nbclient/client.py", line 735, in _check_raise_for_error
    raise CellExecutionError.from_cell_and_msg(cell, exec_reply['content'])
nbclient.exceptions.CellExecutionError: An error occurred while executing the following cell:
------------------
data_info = []
column_names = ['name','source','num_rows', 'num_columns','source_file_name']

for dataset in dataset_list:
    df = dataset['load_func'](dataset['url'])
    source_file_name = dataset['url'].split('/')[-1]
    num_rows, num_cols = df.shape
    data_info.append([dataset['name'],dataset['url'],num_rows,
                      num_cols,source_file_name])
    
summary_df = pd.DataFrame(data_info,columns=column_names)
summary_df
------------------

[0;31m---------------------------------------------------------------------------[0m
[0;31mImportError[0m                               Traceback (most recent call last)
[0;32m<ipython-input-5-dbb5724d2f69>[0m in [0;36m<module>[0;34m[0m
[1;32m      3[0m [0;34m[0m[0m
[1;32m      4[0m [0;32mfor[0m [0mdataset[0m [0;32min[0m [0mdataset_list[0m[0;34m:[0m[0;34m[0m[0;34m[0m[0m
[0;32m----> 5[0;31m     [0mdf[0m [0;34m=[0m [0mdataset[0m[0;34m[[0m[0;34m'load_func'[0m[0;34m][0m[0;34m([0m[0mdataset[0m[0;34m[[0m[0;34m'url'[0m[0;34m][0m[0;34m)[0m[0;34m[0m[0;34m[0m[0m
[0m[1;32m      6[0m     [0msource_file_name[0m [0;34m=[0m [0mdataset[0m[0;34m[[0m[0;34m'url'[0m[0;34m][0m[0;34m.[0m[0msplit[0m[0;34m([0m[0;34m'/'[0m[0;34m)[0m[0;34m[[0m[0;34m-[0m[0;36m1[0m[0;34m][0m[0;34m[0m[0;34m[0m[0m
[1;32m      7[0m     [0mnum_rows[0m[0;34m,[0m [0mnum_cols[0m [0;34m=[0m [0mdf[0m[0;34m.[0m[0mshape[0m[0;34m[0m[0;34m[0m[0m

[0;32m<ipython-input-2-1ec484c545f1>[0m in [0;36m<lambda>[0;34m(path)[0m
[1;32m      7[0m d3 = {'url':'https://rhodyprog4ds.github.io/BrownFall20/syllabus/grading.html',
[1;32m      8[0m      [0;34m'name'[0m[0;34m:[0m [0;34m'min_acheivements'[0m[0;34m,[0m[0;34m[0m[0;34m[0m[0m
[0;32m----> 9[0;31m      'load_func': lambda path: pd.read_html(path)[0]}
[0m[1;32m     10[0m [0;34m[0m[0m
[1;32m     11[0m [0mdataset_list[0m [0;34m=[0m [0;34m[[0m[0md1[0m[0;34m,[0m[0md2[0m[0;34m,[0m[0md3[0m[0;34m][0m[0;34m[0m[0;34m[0m[0m

[0;32m/opt/hostedtoolcache/Python/3.7.9/x64/lib/python3.7/site-packages/pandas/util/_decorators.py[0m in [0;36mwrapper[0;34m(*args, **kwargs)[0m
[1;32m    294[0m                 )
[1;32m    295[0m                 [0mwarnings[0m[0;34m.[0m[0mwarn[0m[0;34m([0m[0mmsg[0m[0;34m,[0m [0mFutureWarning[0m[0;34m,[0m [0mstacklevel[0m[0;34m=[0m[0mstacklevel[0m[0;34m)[0m[0;34m[0m[0;34m[0m[0m
[0;32m--> 296[0;31m             [0;32mreturn[0m [0mfunc[0m[0;34m([0m[0;34m*[0m[0margs[0m[0;34m,[0m [0;34m**[0m[0mkwargs[0m[0;34m)[0m[0;34m[0m[0;34m[0m[0m
[0m[1;32m    297[0m [0;34m[0m[0m
[1;32m    298[0m         [0;32mreturn[0m [0mwrapper[0m[0;34m[0m[0;34m[0m[0m

[0;32m/opt/hostedtoolcache/Python/3.7.9/x64/lib/python3.7/site-packages/pandas/io/html.py[0m in [0;36mread_html[0;34m(io, match, flavor, header, index_col, skiprows, attrs, parse_dates, thousands, encoding, decimal, converters, na_values, keep_default_na, displayed_only)[0m
[1;32m   1099[0m         [0mna_values[0m[0;34m=[0m[0mna_values[0m[0;34m,[0m[0;34m[0m[0;34m[0m[0m
[1;32m   1100[0m         [0mkeep_default_na[0m[0;34m=[0m[0mkeep_default_na[0m[0;34m,[0m[0;34m[0m[0;34m[0m[0m
[0;32m-> 1101[0;31m         [0mdisplayed_only[0m[0;34m=[0m[0mdisplayed_only[0m[0;34m,[0m[0;34m[0m[0;34m[0m[0m
[0m[1;32m   1102[0m     )

[0;32m/opt/hostedtoolcache/Python/3.7.9/x64/lib/python3.7/site-packages/pandas/io/html.py[0m in [0;36m_parse[0;34m(flavor, io, match, attrs, encoding, displayed_only, **kwargs)[0m
[1;32m    892[0m     [0mretained[0m [0;34m=[0m [0;32mNone[0m[0;34m[0m[0;34m[0m[0m
[1;32m    893[0m     [0;32mfor[0m [0mflav[0m [0;32min[0m [0mflavor[0m[0;34m:[0m[0;34m[0m[0;34m[0m[0m
[0;32m--> 894[0;31m         [0mparser[0m [0;34m=[0m [0m_parser_dispatch[0m[0;34m([0m[0mflav[0m[0;34m)[0m[0;34m[0m[0;34m[0m[0m
[0m[1;32m    895[0m         [0mp[0m [0;34m=[0m [0mparser[0m[0;34m([0m[0mio[0m[0;34m,[0m [0mcompiled_match[0m[0;34m,[0m [0mattrs[0m[0;34m,[0m [0mencoding[0m[0;34m,[0m [0mdisplayed_only[0m[0;34m)[0m[0;34m[0m[0;34m[0m[0m
[1;32m    896[0m [0;34m[0m[0m

[0;32m/opt/hostedtoolcache/Python/3.7.9/x64/lib/python3.7/site-packages/pandas/io/html.py[0m in [0;36m_parser_dispatch[0;34m(flavor)[0m
[1;32m    849[0m     [0;32melse[0m[0;34m:[0m[0;34m[0m[0;34m[0m[0m
[1;32m    850[0m         [0;32mif[0m [0;32mnot[0m [0m_HAS_LXML[0m[0;34m:[0m[0;34m[0m[0;34m[0m[0m
[0;32m--> 851[0;31m             [0;32mraise[0m [0mImportError[0m[0;34m([0m[0;34m"lxml not found, please install it"[0m[0;34m)[0m[0;34m[0m[0;34m[0m[0m
[0m[1;32m    852[0m     [0;32mreturn[0m [0m_valid_parsers[0m[0;34m[[0m[0mflavor[0m[0;34m][0m[0;34m[0m[0;34m[0m[0m
[1;32m    853[0m [0;34m[0m[0m

[0;31mImportError[0m: lxml not found, please install it
ImportError: lxml not found, please install it

